\BOOKMARK [0][-]{chapter*.1}{\376\377\000T\000a\000b\000l\000e\000\040\000o\000f\000\040\000c\000o\000n\000t\000e\000n\000t\000s}{}% 1
\BOOKMARK [0][-]{chapter*.2}{\376\377\000L\000i\000s\000t\000\040\000o\000f\000\040\000f\000i\000g\000u\000r\000e\000s}{}% 2
\BOOKMARK [0][-]{chapter*.3}{\376\377\000L\000i\000s\000t\000\040\000o\000f\000\040\000t\000a\000b\000l\000e\000s}{}% 3
\BOOKMARK [0][-]{chapter.1}{\376\377\000I\000n\000t\000r\000o\000d\000u\000c\000t\000i\000o\000n\000\040\000t\000o\000\040\000t\000h\000e\000\040\000P\000y\000M\000P\000A\000\040\000p\000a\000c\000k\000a\000g\000e}{}% 4
\BOOKMARK [1][-]{section.1.1}{\376\377\000M\000o\000t\000i\000v\000a\000t\000i\000o\000n}{chapter.1}% 5
\BOOKMARK [1][-]{section.1.2}{\376\377\000S\000u\000p\000p\000o\000r\000t\000e\000d\000\040\000e\000n\000v\000i\000r\000o\000n\000m\000e\000n\000t\000s}{chapter.1}% 6
\BOOKMARK [1][-]{section.1.3}{\376\377\000F\000u\000n\000c\000t\000i\000o\000n\000a\000l\000i\000t\000y}{chapter.1}% 7
\BOOKMARK [1][-]{section.1.4}{\376\377\000R\000u\000n\000n\000i\000n\000g\000\040\000t\000e\000s\000t\000s}{chapter.1}% 8
\BOOKMARK [1][-]{section.1.5}{\376\377\000R\000e\000f\000e\000r\000e\000n\000c\000e\000s}{chapter.1}% 9
\BOOKMARK [0][-]{chapter.2}{\376\377\000P\000y\000M\000P\000A\000\040\000i\000n\000s\000t\000a\000l\000l\000a\000t\000i\000o\000n}{}% 10
\BOOKMARK [0][-]{chapter.3}{\376\377\000T\000u\000t\000o\000r\000i\000a\000l}{}% 11
\BOOKMARK [1][-]{section.3.1}{\376\377\000D\000o\000w\000n\000l\000o\000a\000d\000i\000n\000g\000\040\000S\000e\000i\000s\000m\000o\000l\000o\000g\000i\000c\000a\000l\000\040\000D\000a\000t\000a}{chapter.3}% 12
\BOOKMARK [1][-]{section.3.2}{\376\377\000C\000r\000e\000a\000t\000e\000\040\000T\000e\000m\000p\000l\000a\000t\000e\000s}{chapter.3}% 13
\BOOKMARK [1][-]{section.3.3}{\376\377\000C\000h\000e\000c\000k\000\040\000T\000e\000m\000p\000l\000a\000t\000e\000\040\000Q\000u\000a\000l\000i\000t\000y}{chapter.3}% 14
\BOOKMARK [1][-]{section.3.4}{\376\377\000C\000a\000l\000c\000u\000l\000a\000t\000e\000\040\000T\000r\000a\000v\000e\000l\000\040\000T\000i\000m\000e\000s}{chapter.3}% 15
\BOOKMARK [1][-]{section.3.5}{\376\377\000R\000u\000n\000n\000i\000n\000g\000\040\000P\000y\000M\000P\000A}{chapter.3}% 16
\BOOKMARK [1][-]{section.3.6}{\376\377\000O\000u\000t\000p\000u\000t\000\040\000P\000r\000o\000c\000e\000s\000s\000i\000n\000g}{chapter.3}% 17
\BOOKMARK [1][-]{section.3.7}{\376\377\000V\000e\000r\000i\000f\000y\000\040\000D\000e\000t\000e\000c\000t\000i\000o\000n\000s}{chapter.3}% 18
\BOOKMARK [1][-]{section.3.8}{\376\377\000R\000e\000f\000e\000r\000e\000n\000c\000e\000s}{chapter.3}% 19
\BOOKMARK [0][-]{chapter.4}{\376\377\000P\000r\000e\000p\000r\000o\000c\000e\000s\000s\000i\000n\000g\000\040\000I\000n\000p\000u\000t}{}% 20
\BOOKMARK [1][-]{section.4.1}{\376\377\000C\000o\000n\000t\000e\000n\000t\000s\000:}{chapter.4}% 21
\BOOKMARK [2][-]{subsection.4.1.1}{\376\377\000D\000o\000w\000n\000l\000o\000a\000d\000\040\000d\000a\000t\000a}{section.4.1}% 22
\BOOKMARK [2][-]{subsection.4.1.2}{\376\377\000C\000r\000e\000a\000t\000e\000\040\000t\000e\000m\000p\000l\000a\000t\000e\000s}{section.4.1}% 23
\BOOKMARK [2][-]{subsection.4.1.3}{\376\377\000C\000a\000l\000c\000u\000l\000a\000t\000e\000\040\000T\000r\000a\000v\000e\000l\000\040\000T\000i\000m\000e\000s}{section.4.1}% 24
\BOOKMARK [2][-]{subsection.4.1.4}{\376\377\000T\000e\000m\000p\000l\000a\000t\000e\000\040\000K\000u\000r\000t\000o\000s\000i\000s\000-\000b\000a\000s\000e\000d\000\040\000W\000a\000v\000e\000f\000o\000r\000m\000\040\000C\000h\000e\000c\000k}{section.4.1}% 25
\BOOKMARK [0][-]{chapter.5}{\376\377\000M\000a\000i\000n\000\040\000P\000r\000o\000g\000r\000a\000m}{}% 26
\BOOKMARK [1][-]{section.5.1}{\376\377\000C\000o\000n\000t\000e\000n\000t\000s\000:}{chapter.5}% 27
\BOOKMARK [2][-]{subsection.5.1.1}{\376\377\000R\000u\000n\000n\000i\000n\000g\000\040\000P\000y\000M\000P\000A}{section.5.1}% 28
\BOOKMARK [0][-]{chapter.6}{\376\377\000C\000r\000e\000a\000t\000i\000n\000g\000\040\000a\000n\000\040\000o\000u\000t\000p\000u\000t\000\040\000c\000a\000t\000a\000l\000o\000g\000\040\000a\000n\000d\000\040\000v\000e\000r\000i\000f\000y\000\040\000d\000e\000t\000e\000c\000t\000i\000o\000n\000s}{}% 29
\BOOKMARK [1][-]{section.6.1}{\376\377\000C\000o\000n\000t\000e\000n\000t\000s\000:}{chapter.6}% 30
\BOOKMARK [2][-]{subsection.6.1.1}{\376\377\000P\000r\000o\000c\000e\000s\000s\000\040\000P\000y\000M\000P\000A\000\040\000O\000u\000t\000p\000u\000t}{section.6.1}% 31
\BOOKMARK [2][-]{subsection.6.1.2}{\376\377\000V\000i\000s\000u\000a\000l\000\040\000v\000e\000r\000i\000f\000i\000c\000a\000t\000i\000o\000n\000\040\000o\000f\000\040\000d\000e\000t\000e\000c\000t\000i\000o\000n\000s}{section.6.1}% 32
