This is pdfTeX, Version 3.14159265-2.6-1.40.19 (TeX Live 2018) (preloaded format=pdflatex 2019.4.9)  9 APR 2019 14:03
entering extended mode
 restricted \write18 enabled.
 %&-line parsing enabled.
**PyMPA.tex
(./PyMPA.tex
LaTeX2e <2018-04-01> patch level 2
Babel <3.18> and hyphenation patterns for 84 language(s) loaded.
(./sphinxmanual.cls
Document Class: sphinxmanual 2018/12/23 v2.0 Document class (Sphinx manual)
(/usr/local/texlive/2018/texmf-dist/tex/latex/base/report.cls
Document Class: report 2014/09/29 v1.4h Standard LaTeX document class
(/usr/local/texlive/2018/texmf-dist/tex/latex/base/size10.clo
File: size10.clo 2014/09/29 v1.4h Standard LaTeX file (size option)
)
\c@part=\count80
\c@chapter=\count81
\c@section=\count82
\c@subsection=\count83
\c@subsubsection=\count84
\c@paragraph=\count85
\c@subparagraph=\count86
\c@figure=\count87
\c@table=\count88
\abovecaptionskip=\skip41
\belowcaptionskip=\skip42
\bibindent=\dimen102
))
(/usr/local/texlive/2018/texmf-dist/tex/latex/base/inputenc.sty
Package: inputenc 2018/04/06 v1.3b Input encoding file
\inpenc@prehook=\toks14
\inpenc@posthook=\toks15
)
   defining Unicode char U+00A0 (decimal 160)
   defining Unicode char U+2500 (decimal 9472)
   defining Unicode char U+2502 (decimal 9474)
   defining Unicode char U+2514 (decimal 9492)
   defining Unicode char U+251C (decimal 9500)
   defining Unicode char U+2572 (decimal 9586)

(/usr/local/texlive/2018/texmf-dist/tex/latex/cmap/cmap.sty
Package: cmap 2008/03/06 v1.0h CMap support: searchable PDF
)
(/usr/local/texlive/2018/texmf-dist/tex/latex/base/fontenc.sty
Package: fontenc 2017/04/05 v2.0i Standard LaTeX package

(/usr/local/texlive/2018/texmf-dist/tex/latex/base/t1enc.def
File: t1enc.def 2017/04/05 v2.0i Standard LaTeX file
LaTeX Font Info:    Redeclaring font encoding T1 on input line 48.
)<<t1.cmap>>)
(/usr/local/texlive/2018/texmf-dist/tex/latex/amsmath/amsmath.sty
Package: amsmath 2017/09/02 v2.17a AMS math features
\@mathmargin=\skip43

For additional information on amsmath, use the `?' option.
(/usr/local/texlive/2018/texmf-dist/tex/latex/amsmath/amstext.sty
Package: amstext 2000/06/29 v2.01 AMS text

(/usr/local/texlive/2018/texmf-dist/tex/latex/amsmath/amsgen.sty
File: amsgen.sty 1999/11/30 v2.0 generic functions
\@emptytoks=\toks16
\ex@=\dimen103
))
(/usr/local/texlive/2018/texmf-dist/tex/latex/amsmath/amsbsy.sty
Package: amsbsy 1999/11/29 v1.2d Bold Symbols
\pmbraise@=\dimen104
)
(/usr/local/texlive/2018/texmf-dist/tex/latex/amsmath/amsopn.sty
Package: amsopn 2016/03/08 v2.02 operator names
)
\inf@bad=\count89
LaTeX Info: Redefining \frac on input line 213.
\uproot@=\count90
\leftroot@=\count91
LaTeX Info: Redefining \overline on input line 375.
\classnum@=\count92
\DOTSCASE@=\count93
LaTeX Info: Redefining \ldots on input line 472.
LaTeX Info: Redefining \dots on input line 475.
LaTeX Info: Redefining \cdots on input line 596.
\Mathstrutbox@=\box26
\strutbox@=\box27
\big@size=\dimen105
LaTeX Font Info:    Redeclaring font encoding OML on input line 712.
LaTeX Font Info:    Redeclaring font encoding OMS on input line 713.
\macc@depth=\count94
\c@MaxMatrixCols=\count95
\dotsspace@=\muskip10
\c@parentequation=\count96
\dspbrk@lvl=\count97
\tag@help=\toks17
\row@=\count98
\column@=\count99
\maxfields@=\count100
\andhelp@=\toks18
\eqnshift@=\dimen106
\alignsep@=\dimen107
\tagshift@=\dimen108
\tagwidth@=\dimen109
\totwidth@=\dimen110
\lineht@=\dimen111
\@envbody=\toks19
\multlinegap=\skip44
\multlinetaggap=\skip45
\mathdisplay@stack=\toks20
LaTeX Info: Redefining \[ on input line 2817.
LaTeX Info: Redefining \] on input line 2818.
)
(/usr/local/texlive/2018/texmf-dist/tex/latex/amsfonts/amssymb.sty
Package: amssymb 2013/01/14 v3.01 AMS font symbols

(/usr/local/texlive/2018/texmf-dist/tex/latex/amsfonts/amsfonts.sty
Package: amsfonts 2013/01/14 v3.01 Basic AMSFonts support
\symAMSa=\mathgroup4
\symAMSb=\mathgroup5
LaTeX Font Info:    Overwriting math alphabet `\mathfrak' in version `bold'
(Font)                  U/euf/m/n --> U/euf/b/n on input line 106.
))
(/usr/local/texlive/2018/texmf-dist/tex/generic/babel/babel.sty
Package: babel 2018/02/14 3.18 The Babel package

(/usr/local/texlive/2018/texmf-dist/tex/generic/babel/switch.def
File: switch.def 2018/02/14 3.18 Babel switching mechanism
)
(/usr/local/texlive/2018/texmf-dist/tex/generic/babel-english/english.ldf
Language: english 2017/06/06 v3.3r English support from the babel system

(/usr/local/texlive/2018/texmf-dist/tex/generic/babel/babel.def
File: babel.def 2018/02/14 3.18 Babel common definitions
\babel@savecnt=\count101
\U@D=\dimen112

(/usr/local/texlive/2018/texmf-dist/tex/generic/babel/txtbabel.def)
\bbl@dirlevel=\count102
)
\l@canadian = a dialect from \language\l@american 
\l@australian = a dialect from \language\l@british 
\l@newzealand = a dialect from \language\l@british 
))
(/usr/local/texlive/2018/texmf-dist/tex/latex/psnfss/times.sty
Package: times 2005/04/12 PSNFSS-v9.2a (SPQR) 
)
(/usr/local/texlive/2018/texmf-dist/tex/latex/fncychap/fncychap.sty
Package: fncychap 2007/07/30 v1.34 LaTeX package (Revised chapters)
\RW=\skip46
\mylen=\skip47
\myhi=\skip48
\px=\skip49
\py=\skip50
\pyy=\skip51
\pxx=\skip52
\c@AlphaCnt=\count103
\c@AlphaDecCnt=\count104
)
(./sphinx.sty
Package: sphinx 2019/01/12 v1.8.4 LaTeX package (Sphinx markup)

(/usr/local/texlive/2018/texmf-dist/tex/generic/oberdiek/ltxcmds.sty
Package: ltxcmds 2016/05/16 v1.23 LaTeX kernel commands for general use (HO)
)
(/usr/local/texlive/2018/texmf-dist/tex/latex/graphics/graphicx.sty
Package: graphicx 2017/06/01 v1.1a Enhanced LaTeX Graphics (DPC,SPQR)

(/usr/local/texlive/2018/texmf-dist/tex/latex/graphics/keyval.sty
Package: keyval 2014/10/28 v1.15 key=value parser (DPC)
\KV@toks@=\toks21
)
(/usr/local/texlive/2018/texmf-dist/tex/latex/graphics/graphics.sty
Package: graphics 2017/06/25 v1.2c Standard LaTeX Graphics (DPC,SPQR)

(/usr/local/texlive/2018/texmf-dist/tex/latex/graphics/trig.sty
Package: trig 2016/01/03 v1.10 sin cos tan (DPC)
)
(/usr/local/texlive/2018/texmf-dist/tex/latex/graphics-cfg/graphics.cfg
File: graphics.cfg 2016/06/04 v1.11 sample graphics configuration
)
Package graphics Info: Driver file: pdftex.def on input line 99.

(/usr/local/texlive/2018/texmf-dist/tex/latex/graphics-def/pdftex.def
File: pdftex.def 2018/01/08 v1.0l Graphics/color driver for pdftex
))
\Gin@req@height=\dimen113
\Gin@req@width=\dimen114
)
(/usr/local/texlive/2018/texmf-dist/tex/latex/fancyhdr/fancyhdr.sty
Package: fancyhdr 2017/06/30 v3.9a Extensive control of page headers and footer
s
\f@nch@headwidth=\skip53
\f@nch@O@elh=\skip54
\f@nch@O@erh=\skip55
\f@nch@O@olh=\skip56
\f@nch@O@orh=\skip57
\f@nch@O@elf=\skip58
\f@nch@O@erf=\skip59
\f@nch@O@olf=\skip60
\f@nch@O@orf=\skip61
)
(/usr/local/texlive/2018/texmf-dist/tex/latex/base/textcomp.sty
Package: textcomp 2017/04/05 v2.0i Standard LaTeX package
Package textcomp Info: Sub-encoding information:
(textcomp)               5 = only ISO-Adobe without \textcurrency
(textcomp)               4 = 5 + \texteuro
(textcomp)               3 = 4 + \textohm
(textcomp)               2 = 3 + \textestimated + \textcurrency
(textcomp)               1 = TS1 - \textcircled - \t
(textcomp)               0 = TS1 (full)
(textcomp)             Font families with sub-encoding setting implement
(textcomp)             only a restricted character set as indicated.
(textcomp)             Family '?' is the default used for unknown fonts.
(textcomp)             See the documentation for details.
Package textcomp Info: Setting ? sub-encoding to TS1/1 on input line 79.

(/usr/local/texlive/2018/texmf-dist/tex/latex/base/ts1enc.def
File: ts1enc.def 2001/06/05 v3.0e (jk/car/fm) Standard LaTeX file
Now handling font encoding TS1 ...
... processing UTF-8 mapping file for font encoding TS1

(/usr/local/texlive/2018/texmf-dist/tex/latex/base/ts1enc.dfu
File: ts1enc.dfu 2018/04/05 v1.2c UTF-8 support for inputenc
   defining Unicode char U+00A2 (decimal 162)
   defining Unicode char U+00A3 (decimal 163)
   defining Unicode char U+00A4 (decimal 164)
   defining Unicode char U+00A5 (decimal 165)
   defining Unicode char U+00A6 (decimal 166)
   defining Unicode char U+00A7 (decimal 167)
   defining Unicode char U+00A8 (decimal 168)
   defining Unicode char U+00A9 (decimal 169)
   defining Unicode char U+00AA (decimal 170)
   defining Unicode char U+00AC (decimal 172)
   defining Unicode char U+00AE (decimal 174)
   defining Unicode char U+00AF (decimal 175)
   defining Unicode char U+00B0 (decimal 176)
   defining Unicode char U+00B1 (decimal 177)
   defining Unicode char U+00B2 (decimal 178)
   defining Unicode char U+00B3 (decimal 179)
   defining Unicode char U+00B4 (decimal 180)
   defining Unicode char U+00B5 (decimal 181)
   defining Unicode char U+00B6 (decimal 182)
   defining Unicode char U+00B7 (decimal 183)
   defining Unicode char U+00B9 (decimal 185)
   defining Unicode char U+00BA (decimal 186)
   defining Unicode char U+00BC (decimal 188)
   defining Unicode char U+00BD (decimal 189)
   defining Unicode char U+00BE (decimal 190)
   defining Unicode char U+00D7 (decimal 215)
   defining Unicode char U+00F7 (decimal 247)
   defining Unicode char U+0192 (decimal 402)
   defining Unicode char U+02C7 (decimal 711)
   defining Unicode char U+02D8 (decimal 728)
   defining Unicode char U+02DD (decimal 733)
   defining Unicode char U+0E3F (decimal 3647)
   defining Unicode char U+2016 (decimal 8214)
   defining Unicode char U+2020 (decimal 8224)
   defining Unicode char U+2021 (decimal 8225)
   defining Unicode char U+2022 (decimal 8226)
   defining Unicode char U+2030 (decimal 8240)
   defining Unicode char U+2031 (decimal 8241)
   defining Unicode char U+203B (decimal 8251)
   defining Unicode char U+203D (decimal 8253)
   defining Unicode char U+2044 (decimal 8260)
   defining Unicode char U+204E (decimal 8270)
   defining Unicode char U+2052 (decimal 8274)
   defining Unicode char U+20A1 (decimal 8353)
   defining Unicode char U+20A4 (decimal 8356)
   defining Unicode char U+20A6 (decimal 8358)
   defining Unicode char U+20A9 (decimal 8361)
   defining Unicode char U+20AB (decimal 8363)
   defining Unicode char U+20AC (decimal 8364)
   defining Unicode char U+20B1 (decimal 8369)
   defining Unicode char U+2103 (decimal 8451)
   defining Unicode char U+2116 (decimal 8470)
   defining Unicode char U+2117 (decimal 8471)
   defining Unicode char U+211E (decimal 8478)
   defining Unicode char U+2120 (decimal 8480)
   defining Unicode char U+2122 (decimal 8482)
   defining Unicode char U+2126 (decimal 8486)
   defining Unicode char U+2127 (decimal 8487)
   defining Unicode char U+212E (decimal 8494)
   defining Unicode char U+2190 (decimal 8592)
   defining Unicode char U+2191 (decimal 8593)
   defining Unicode char U+2192 (decimal 8594)
   defining Unicode char U+2193 (decimal 8595)
   defining Unicode char U+2329 (decimal 9001)
   defining Unicode char U+232A (decimal 9002)
   defining Unicode char U+2422 (decimal 9250)
   defining Unicode char U+25E6 (decimal 9702)
   defining Unicode char U+25EF (decimal 9711)
   defining Unicode char U+266A (decimal 9834)
   defining Unicode char U+FEFF (decimal 65279)
))
LaTeX Info: Redefining \oldstylenums on input line 334.
Package textcomp Info: Setting cmr sub-encoding to TS1/0 on input line 349.
Package textcomp Info: Setting cmss sub-encoding to TS1/0 on input line 350.
Package textcomp Info: Setting cmtt sub-encoding to TS1/0 on input line 351.
Package textcomp Info: Setting cmvtt sub-encoding to TS1/0 on input line 352.
Package textcomp Info: Setting cmbr sub-encoding to TS1/0 on input line 353.
Package textcomp Info: Setting cmtl sub-encoding to TS1/0 on input line 354.
Package textcomp Info: Setting ccr sub-encoding to TS1/0 on input line 355.
Package textcomp Info: Setting ptm sub-encoding to TS1/4 on input line 356.
Package textcomp Info: Setting pcr sub-encoding to TS1/4 on input line 357.
Package textcomp Info: Setting phv sub-encoding to TS1/4 on input line 358.
Package textcomp Info: Setting ppl sub-encoding to TS1/3 on input line 359.
Package textcomp Info: Setting pag sub-encoding to TS1/4 on input line 360.
Package textcomp Info: Setting pbk sub-encoding to TS1/4 on input line 361.
Package textcomp Info: Setting pnc sub-encoding to TS1/4 on input line 362.
Package textcomp Info: Setting pzc sub-encoding to TS1/4 on input line 363.
Package textcomp Info: Setting bch sub-encoding to TS1/4 on input line 364.
Package textcomp Info: Setting put sub-encoding to TS1/5 on input line 365.
Package textcomp Info: Setting uag sub-encoding to TS1/5 on input line 366.
Package textcomp Info: Setting ugq sub-encoding to TS1/5 on input line 367.
Package textcomp Info: Setting ul8 sub-encoding to TS1/4 on input line 368.
Package textcomp Info: Setting ul9 sub-encoding to TS1/4 on input line 369.
Package textcomp Info: Setting augie sub-encoding to TS1/5 on input line 370.
Package textcomp Info: Setting dayrom sub-encoding to TS1/3 on input line 371.
Package textcomp Info: Setting dayroms sub-encoding to TS1/3 on input line 372.

Package textcomp Info: Setting pxr sub-encoding to TS1/0 on input line 373.
Package textcomp Info: Setting pxss sub-encoding to TS1/0 on input line 374.
Package textcomp Info: Setting pxtt sub-encoding to TS1/0 on input line 375.
Package textcomp Info: Setting txr sub-encoding to TS1/0 on input line 376.
Package textcomp Info: Setting txss sub-encoding to TS1/0 on input line 377.
Package textcomp Info: Setting txtt sub-encoding to TS1/0 on input line 378.
Package textcomp Info: Setting lmr sub-encoding to TS1/0 on input line 379.
Package textcomp Info: Setting lmdh sub-encoding to TS1/0 on input line 380.
Package textcomp Info: Setting lmss sub-encoding to TS1/0 on input line 381.
Package textcomp Info: Setting lmssq sub-encoding to TS1/0 on input line 382.
Package textcomp Info: Setting lmvtt sub-encoding to TS1/0 on input line 383.
Package textcomp Info: Setting lmtt sub-encoding to TS1/0 on input line 384.
Package textcomp Info: Setting qhv sub-encoding to TS1/0 on input line 385.
Package textcomp Info: Setting qag sub-encoding to TS1/0 on input line 386.
Package textcomp Info: Setting qbk sub-encoding to TS1/0 on input line 387.
Package textcomp Info: Setting qcr sub-encoding to TS1/0 on input line 388.
Package textcomp Info: Setting qcs sub-encoding to TS1/0 on input line 389.
Package textcomp Info: Setting qpl sub-encoding to TS1/0 on input line 390.
Package textcomp Info: Setting qtm sub-encoding to TS1/0 on input line 391.
Package textcomp Info: Setting qzc sub-encoding to TS1/0 on input line 392.
Package textcomp Info: Setting qhvc sub-encoding to TS1/0 on input line 393.
Package textcomp Info: Setting futs sub-encoding to TS1/4 on input line 394.
Package textcomp Info: Setting futx sub-encoding to TS1/4 on input line 395.
Package textcomp Info: Setting futj sub-encoding to TS1/4 on input line 396.
Package textcomp Info: Setting hlh sub-encoding to TS1/3 on input line 397.
Package textcomp Info: Setting hls sub-encoding to TS1/3 on input line 398.
Package textcomp Info: Setting hlst sub-encoding to TS1/3 on input line 399.
Package textcomp Info: Setting hlct sub-encoding to TS1/5 on input line 400.
Package textcomp Info: Setting hlx sub-encoding to TS1/5 on input line 401.
Package textcomp Info: Setting hlce sub-encoding to TS1/5 on input line 402.
Package textcomp Info: Setting hlcn sub-encoding to TS1/5 on input line 403.
Package textcomp Info: Setting hlcw sub-encoding to TS1/5 on input line 404.
Package textcomp Info: Setting hlcf sub-encoding to TS1/5 on input line 405.
Package textcomp Info: Setting pplx sub-encoding to TS1/3 on input line 406.
Package textcomp Info: Setting pplj sub-encoding to TS1/3 on input line 407.
Package textcomp Info: Setting ptmx sub-encoding to TS1/4 on input line 408.
Package textcomp Info: Setting ptmj sub-encoding to TS1/4 on input line 409.
)
(/usr/local/texlive/2018/texmf-dist/tex/latex/titlesec/titlesec.sty
Package: titlesec 2016/03/21 v2.10.2 Sectioning titles
\ttl@box=\box28
\beforetitleunit=\skip62
\aftertitleunit=\skip63
\ttl@plus=\dimen115
\ttl@minus=\dimen116
\ttl@toksa=\toks22
\titlewidth=\dimen117
\titlewidthlast=\dimen118
\titlewidthfirst=\dimen119
)
(/usr/local/texlive/2018/texmf-dist/tex/latex/tabulary/tabulary.sty
Package: tabulary 2014/06/11 v0.10 tabulary package (DPC)

(/usr/local/texlive/2018/texmf-dist/tex/latex/tools/array.sty
Package: array 2018/04/07 v2.4g Tabular extension package (FMi)
\col@sep=\dimen120
\ar@mcellbox=\box29
\extrarowheight=\dimen121
\NC@list=\toks23
\extratabsurround=\skip64
\backup@length=\skip65
\ar@cellbox=\box30
)
\TY@count=\count105
\TY@linewidth=\dimen122
\tymin=\dimen123
\tymax=\dimen124
\TY@tablewidth=\dimen125
)
(/usr/local/texlive/2018/texmf-dist/tex/latex/tools/longtable.sty
Package: longtable 2014/10/28 v4.11 Multi-page Table package (DPC)
\LTleft=\skip66
\LTright=\skip67
\LTpre=\skip68
\LTpost=\skip69
\LTchunksize=\count106
\LTcapwidth=\dimen126
\LT@head=\box31
\LT@firsthead=\box32
\LT@foot=\box33
\LT@lastfoot=\box34
\LT@cols=\count107
\LT@rows=\count108
\c@LT@tables=\count109
\c@LT@chunks=\count110
\LT@p@ftn=\toks24
)
(/usr/local/texlive/2018/texmf-dist/tex/latex/varwidth/varwidth.sty
Package: varwidth 2009/03/30 ver 0.92;  Variable-width minipages
\@vwid@box=\box35
\sift@deathcycles=\count111
\@vwid@loff=\dimen127
\@vwid@roff=\dimen128
)
(./sphinxmulticell.sty
Package: sphinxmulticell 2017/02/23 v1.6 better span rows and columns of a tabl
e (Sphinx team)
\sphinx@TY@tablewidth=\dimen129
)
(/usr/local/texlive/2018/texmf-dist/tex/latex/base/makeidx.sty
Package: makeidx 2014/09/29 v1.0m Standard LaTeX package
)
(/usr/local/texlive/2018/texmf-dist/tex/latex/framed/framed.sty
Package: framed 2011/10/22 v 0.96: framed or shaded text with page breaks
\OuterFrameSep=\skip70
\fb@frw=\dimen130
\fb@frh=\dimen131
\FrameRule=\dimen132
\FrameSep=\dimen133
)
(/usr/local/texlive/2018/texmf-dist/tex/latex/xcolor/xcolor.sty
Package: xcolor 2016/05/11 v2.12 LaTeX color extensions (UK)

(/usr/local/texlive/2018/texmf-dist/tex/latex/graphics-cfg/color.cfg
File: color.cfg 2016/01/02 v1.6 sample color configuration
)
Package xcolor Info: Driver file: pdftex.def on input line 225.
Package xcolor Info: Model `cmy' substituted by `cmy0' on input line 1348.
Package xcolor Info: Model `hsb' substituted by `rgb' on input line 1352.
Package xcolor Info: Model `RGB' extended on input line 1364.
Package xcolor Info: Model `HTML' substituted by `rgb' on input line 1366.
Package xcolor Info: Model `Hsb' substituted by `hsb' on input line 1367.
Package xcolor Info: Model `tHsb' substituted by `hsb' on input line 1368.
Package xcolor Info: Model `HSB' substituted by `hsb' on input line 1369.
Package xcolor Info: Model `Gray' substituted by `gray' on input line 1370.
Package xcolor Info: Model `wave' substituted by `hsb' on input line 1371.
)
(/usr/local/texlive/2018/texmf-dist/tex/latex/fancyvrb/fancyvrb.sty
Package: fancyvrb 2008/02/07

Style option: `fancyvrb' v2.7a, with DG/SPQR fixes, and firstline=lastline fix 
<2008/02/07> (tvz)
\FV@CodeLineNo=\count112
\FV@InFile=\read1
\FV@TabBox=\box36
\c@FancyVerbLine=\count113
\FV@StepNumber=\count114
\FV@OutFile=\write3
) (./footnotehyper-sphinx.sty
Package: footnotehyper-sphinx 2017/10/27 v1.7 hyperref aware footnote.sty for s
phinx (JFB)
\FNH@notes=\box37
\FNH@width=\dimen134
)
(/usr/local/texlive/2018/texmf-dist/tex/latex/float/float.sty
Package: float 2001/11/08 v1.3d Float enhancements (AL)
\c@float@type=\count115
\float@exts=\toks25
\float@box=\box38
\@float@everytoks=\toks26
\@floatcapt=\box39
)
(/usr/local/texlive/2018/texmf-dist/tex/latex/wrapfig/wrapfig.sty
\wrapoverhang=\dimen135
\WF@size=\dimen136
\c@WF@wrappedlines=\count116
\WF@box=\box40
\WF@everypar=\toks27
Package: wrapfig 2003/01/31  v 3.6
)
(/usr/local/texlive/2018/texmf-dist/tex/latex/parskip/parskip.sty
Package: parskip 2001/04/09 non-zero parskip adjustments
)
(/usr/local/texlive/2018/texmf-dist/tex/latex/base/alltt.sty
Package: alltt 1997/06/16 v2.0g defines alltt environment
)
(/usr/local/texlive/2018/texmf-dist/tex/latex/upquote/upquote.sty
Package: upquote 2012/04/19 v1.3 upright-quote and grave-accent glyphs in verba
tim
)
(/usr/local/texlive/2018/texmf-dist/tex/latex/capt-of/capt-of.sty
Package: capt-of 2009/12/29 v0.2 standard captions outside of floats
)
(/usr/local/texlive/2018/texmf-dist/tex/latex/needspace/needspace.sty
Package: needspace 2010/09/12 v1.3d reserve vertical space
)
(./sphinxhighlight.sty
Package: sphinxhighlight 2016/05/29 stylesheet for highlighting with pygments
)
(/usr/local/texlive/2018/texmf-dist/tex/latex/oberdiek/kvoptions.sty
Package: kvoptions 2016/05/16 v3.12 Key value format for package options (HO)

(/usr/local/texlive/2018/texmf-dist/tex/generic/oberdiek/kvsetkeys.sty
Package: kvsetkeys 2016/05/16 v1.17 Key value parser (HO)

(/usr/local/texlive/2018/texmf-dist/tex/generic/oberdiek/infwarerr.sty
Package: infwarerr 2016/05/16 v1.4 Providing info/warning/error messages (HO)
)
(/usr/local/texlive/2018/texmf-dist/tex/generic/oberdiek/etexcmds.sty
Package: etexcmds 2016/05/16 v1.6 Avoid name clashes with e-TeX commands (HO)

(/usr/local/texlive/2018/texmf-dist/tex/generic/oberdiek/ifluatex.sty
Package: ifluatex 2016/05/16 v1.4 Provides the ifluatex switch (HO)
Package ifluatex Info: LuaTeX not detected.
)
Package etexcmds Info: Could not find \expanded.
(etexcmds)             That can mean that you are not using pdfTeX 1.50 or
(etexcmds)             that some package has redefined \expanded.
(etexcmds)             In the latter case, load this package earlier.
)))
\sphinxverbatimsep=\dimen137
\sphinxverbatimborder=\dimen138
\sphinxshadowsep=\dimen139
\sphinxshadowsize=\dimen140
\sphinxshadowrule=\dimen141
\spx@notice@border=\dimen142
\spx@image@maxheight=\dimen143
\spx@image@box=\dimen144
\c@literalblock=\count117
\sphinxcontinuationbox=\box41
\sphinxvisiblespacebox=\box42
\sphinxVerbatim@TitleBox=\box43
\py@argswidth=\skip71
\lineblockindentation=\skip72
\DUlineblockindent=\skip73
)
(/usr/local/texlive/2018/texmf-dist/tex/latex/geometry/geometry.sty
Package: geometry 2018/03/24 v5.7 Page Geometry

(/usr/local/texlive/2018/texmf-dist/tex/generic/oberdiek/ifpdf.sty
Package: ifpdf 2017/03/15 v3.2 Provides the ifpdf switch
)
(/usr/local/texlive/2018/texmf-dist/tex/generic/oberdiek/ifvtex.sty
Package: ifvtex 2016/05/16 v1.6 Detect VTeX and its facilities (HO)
Package ifvtex Info: VTeX not detected.
)
(/usr/local/texlive/2018/texmf-dist/tex/generic/ifxetex/ifxetex.sty
Package: ifxetex 2010/09/12 v0.6 Provides ifxetex conditional
)
\Gm@cnth=\count118
\Gm@cntv=\count119
\c@Gm@tempcnt=\count120
\Gm@bindingoffset=\dimen145
\Gm@wd@mp=\dimen146
\Gm@odd@mp=\dimen147
\Gm@even@mp=\dimen148
\Gm@layoutwidth=\dimen149
\Gm@layoutheight=\dimen150
\Gm@layouthoffset=\dimen151
\Gm@layoutvoffset=\dimen152
\Gm@dimlist=\toks28
)
(/usr/local/texlive/2018/texmf-dist/tex/latex/hyperref/hyperref.sty
Package: hyperref 2018/02/06 v6.86b Hypertext links for LaTeX

(/usr/local/texlive/2018/texmf-dist/tex/generic/oberdiek/hobsub-hyperref.sty
Package: hobsub-hyperref 2016/05/16 v1.14 Bundle oberdiek, subset hyperref (HO)


(/usr/local/texlive/2018/texmf-dist/tex/generic/oberdiek/hobsub-generic.sty
Package: hobsub-generic 2016/05/16 v1.14 Bundle oberdiek, subset generic (HO)
Package: hobsub 2016/05/16 v1.14 Construct package bundles (HO)
Package hobsub Info: Skipping package `infwarerr' (already loaded).
Package hobsub Info: Skipping package `ltxcmds' (already loaded).
Package hobsub Info: Skipping package `ifluatex' (already loaded).
Package hobsub Info: Skipping package `ifvtex' (already loaded).
Package: intcalc 2016/05/16 v1.2 Expandable calculations with integers (HO)
Package hobsub Info: Skipping package `ifpdf' (already loaded).
Package hobsub Info: Skipping package `etexcmds' (already loaded).
Package hobsub Info: Skipping package `kvsetkeys' (already loaded).
Package: kvdefinekeys 2016/05/16 v1.4 Define keys (HO)
Package: pdftexcmds 2018/01/30 v0.27 Utility functions of pdfTeX for LuaTeX (HO
)
Package pdftexcmds Info: LuaTeX not detected.
Package pdftexcmds Info: \pdf@primitive is available.
Package pdftexcmds Info: \pdf@ifprimitive is available.
Package pdftexcmds Info: \pdfdraftmode found.
Package: pdfescape 2016/05/16 v1.14 Implements pdfTeX's escape features (HO)
Package: bigintcalc 2016/05/16 v1.4 Expandable calculations on big integers (HO
)
Package: bitset 2016/05/16 v1.2 Handle bit-vector datatype (HO)
Package: uniquecounter 2016/05/16 v1.3 Provide unlimited unique counter (HO)
)
Package hobsub Info: Skipping package `hobsub' (already loaded).
Package: letltxmacro 2016/05/16 v1.5 Let assignment for LaTeX macros (HO)
Package: hopatch 2016/05/16 v1.3 Wrapper for package hooks (HO)
Package: xcolor-patch 2016/05/16 xcolor patch
Package: atveryend 2016/05/16 v1.9 Hooks at the very end of document (HO)
Package atveryend Info: \enddocument detected (standard20110627).
Package: atbegshi 2016/06/09 v1.18 At begin shipout hook (HO)
Package: refcount 2016/05/16 v3.5 Data extraction from label references (HO)
Package: hycolor 2016/05/16 v1.8 Color options for hyperref/bookmark (HO)
)
(/usr/local/texlive/2018/texmf-dist/tex/latex/oberdiek/auxhook.sty
Package: auxhook 2016/05/16 v1.4 Hooks for auxiliary files (HO)
)
\@linkdim=\dimen153
\Hy@linkcounter=\count121
\Hy@pagecounter=\count122

(/usr/local/texlive/2018/texmf-dist/tex/latex/hyperref/pd1enc.def
File: pd1enc.def 2018/02/06 v6.86b Hyperref: PDFDocEncoding definition (HO)
Now handling font encoding PD1 ...
... no UTF-8 mapping file for font encoding PD1
)
\Hy@SavedSpaceFactor=\count123

(/usr/local/texlive/2018/texmf-dist/tex/latex/latexconfig/hyperref.cfg
File: hyperref.cfg 2002/06/06 v1.2 hyperref configuration of TeXLive
)
Package hyperref Info: Option `unicode' set `true' on input line 4383.

(/usr/local/texlive/2018/texmf-dist/tex/latex/hyperref/puenc.def
File: puenc.def 2018/02/06 v6.86b Hyperref: PDF Unicode definition (HO)
Now handling font encoding PU ...
... no UTF-8 mapping file for font encoding PU
)
Package hyperref Info: Option `colorlinks' set `true' on input line 4383.
Package hyperref Info: Option `breaklinks' set `true' on input line 4383.
Package hyperref Info: Hyper figures OFF on input line 4509.
Package hyperref Info: Link nesting OFF on input line 4514.
Package hyperref Info: Hyper index ON on input line 4517.
Package hyperref Info: Plain pages OFF on input line 4524.
Package hyperref Info: Backreferencing OFF on input line 4529.
Package hyperref Info: Implicit mode ON; LaTeX internals redefined.
Package hyperref Info: Bookmarks ON on input line 4762.
\c@Hy@tempcnt=\count124

(/usr/local/texlive/2018/texmf-dist/tex/latex/url/url.sty
\Urlmuskip=\muskip11
Package: url 2013/09/16  ver 3.4  Verb mode for urls, etc.
)
LaTeX Info: Redefining \url on input line 5115.
\XeTeXLinkMargin=\dimen154
\Fld@menulength=\count125
\Field@Width=\dimen155
\Fld@charsize=\dimen156
Package hyperref Info: Hyper figures OFF on input line 6369.
Package hyperref Info: Link nesting OFF on input line 6374.
Package hyperref Info: Hyper index ON on input line 6377.
Package hyperref Info: backreferencing OFF on input line 6384.
Package hyperref Info: Link coloring ON on input line 6387.
Package hyperref Info: Link coloring with OCG OFF on input line 6394.
Package hyperref Info: PDF/A mode OFF on input line 6399.
LaTeX Info: Redefining \ref on input line 6439.
LaTeX Info: Redefining \pageref on input line 6443.
\Hy@abspage=\count126
\c@Item=\count127
\c@Hfootnote=\count128
)
Package hyperref Info: Driver (autodetected): hpdftex.

(/usr/local/texlive/2018/texmf-dist/tex/latex/hyperref/hpdftex.def
File: hpdftex.def 2018/02/06 v6.86b Hyperref driver for pdfTeX
\Fld@listcount=\count129
\c@bookmark@seq@number=\count130

(/usr/local/texlive/2018/texmf-dist/tex/latex/oberdiek/rerunfilecheck.sty
Package: rerunfilecheck 2016/05/16 v1.8 Rerun checks for auxiliary files (HO)
Package uniquecounter Info: New unique counter `rerunfilecheck' on input line 2
82.
)
\Hy@SectionHShift=\skip74
)
(/usr/local/texlive/2018/texmf-dist/tex/latex/oberdiek/hypcap.sty
Package: hypcap 2016/05/16 v1.12 Adjusting the anchors of captions (HO)
)
(./sphinxmessages.sty
Package: sphinxmessages 2019/01/04 v2.0 Localized LaTeX macros (Sphinx team)
)
\@indexfile=\write4
\openout4 = `PyMPA.idx'.


Writing index file PyMPA.idx
(./PyMPA.aux)
\openout1 = `PyMPA.aux'.

LaTeX Font Info:    Checking defaults for OML/cmm/m/it on input line 80.
LaTeX Font Info:    ... okay on input line 80.
LaTeX Font Info:    Checking defaults for T1/cmr/m/n on input line 80.
LaTeX Font Info:    ... okay on input line 80.
LaTeX Font Info:    Checking defaults for OT1/cmr/m/n on input line 80.
LaTeX Font Info:    ... okay on input line 80.
LaTeX Font Info:    Checking defaults for OMS/cmsy/m/n on input line 80.
LaTeX Font Info:    ... okay on input line 80.
LaTeX Font Info:    Checking defaults for OMX/cmex/m/n on input line 80.
LaTeX Font Info:    ... okay on input line 80.
LaTeX Font Info:    Checking defaults for U/cmr/m/n on input line 80.
LaTeX Font Info:    ... okay on input line 80.
LaTeX Font Info:    Checking defaults for TS1/cmr/m/n on input line 80.
LaTeX Font Info:    Try loading font information for TS1+cmr on input line 80.
 (/usr/local/texlive/2018/texmf-dist/tex/latex/base/ts1cmr.fd
File: ts1cmr.fd 2014/09/29 v2.5h Standard LaTeX font definitions
)
LaTeX Font Info:    ... okay on input line 80.
LaTeX Font Info:    Checking defaults for PD1/pdf/m/n on input line 80.
LaTeX Font Info:    ... okay on input line 80.
LaTeX Font Info:    Checking defaults for PU/pdf/m/n on input line 80.
LaTeX Font Info:    ... okay on input line 80.
LaTeX Font Info:    Try loading font information for T1+ptm on input line 80.

(/usr/local/texlive/2018/texmf-dist/tex/latex/psnfss/t1ptm.fd
File: t1ptm.fd 2001/06/04 font definitions for T1/ptm.
)
(/usr/local/texlive/2018/texmf-dist/tex/context/base/mkii/supp-pdf.mkii
[Loading MPS to PDF converter (version 2006.09.02).]
\scratchcounter=\count131
\scratchdimen=\dimen157
\scratchbox=\box44
\nofMPsegments=\count132
\nofMParguments=\count133
\everyMPshowfont=\toks29
\MPscratchCnt=\count134
\MPscratchDim=\dimen158
\MPnumerator=\count135
\makeMPintoPDFobject=\count136
\everyMPtoPDFconversion=\toks30
) (/usr/local/texlive/2018/texmf-dist/tex/latex/oberdiek/epstopdf-base.sty
Package: epstopdf-base 2016/05/15 v2.6 Base part for package epstopdf

(/usr/local/texlive/2018/texmf-dist/tex/latex/oberdiek/grfext.sty
Package: grfext 2016/05/16 v1.2 Manage graphics extensions (HO)
)
Package epstopdf-base Info: Redefining graphics rule for `.eps' on input line 4
38.
Package grfext Info: Graphics extension search list:
(grfext)             [.pdf,.png,.jpg,.mps,.jpeg,.jbig2,.jb2,.PDF,.PNG,.JPG,.JPE
G,.JBIG2,.JB2,.eps]
(grfext)             \AppendGraphicsExtensions on input line 456.

(/usr/local/texlive/2018/texmf-dist/tex/latex/latexconfig/epstopdf-sys.cfg
File: epstopdf-sys.cfg 2010/07/13 v1.3 Configuration of (r)epstopdf for TeX Liv
e
))
*geometry* driver: auto-detecting
*geometry* detected driver: pdftex
*geometry* verbose mode - [ preamble ] result:
* driver: pdftex
* paper: a4paper
* layout: <same size as paper>
* layoutoffset:(h,v)=(0.0pt,0.0pt)
* modes: twoside 
* h-part:(L,W,R)=(72.26999pt, 452.9679pt, 72.26999pt)
* v-part:(T,H,B)=(72.26999pt, 700.50687pt, 72.26999pt)
* \paperwidth=597.50787pt
* \paperheight=845.04684pt
* \textwidth=452.9679pt
* \textheight=700.50687pt
* \oddsidemargin=0.0pt
* \evensidemargin=0.0pt
* \topmargin=-37.0pt
* \headheight=12.0pt
* \headsep=25.0pt
* \topskip=10.0pt
* \footskip=30.0pt
* \marginparwidth=36.135pt
* \marginparsep=11.0pt
* \columnsep=10.0pt
* \skip\footins=9.0pt plus 4.0pt minus 2.0pt
* \hoffset=0.0pt
* \voffset=0.0pt
* \mag=1000
* \@twocolumnfalse
* \@twosidetrue
* \@mparswitchtrue
* \@reversemarginfalse
* (1in=72.27pt=25.4mm, 1cm=28.453pt)

\AtBeginShipoutBox=\box45
Package hyperref Info: Link coloring ON on input line 80.
(/usr/local/texlive/2018/texmf-dist/tex/latex/hyperref/nameref.sty
Package: nameref 2016/05/21 v2.44 Cross-referencing by name of section

(/usr/local/texlive/2018/texmf-dist/tex/generic/oberdiek/gettitlestring.sty
Package: gettitlestring 2016/05/16 v1.5 Cleanup title references (HO)
)
\c@section@level=\count137
)
LaTeX Info: Redefining \ref on input line 80.
LaTeX Info: Redefining \pageref on input line 80.
LaTeX Info: Redefining \nameref on input line 80.
\@outlinefile=\write5
\openout5 = `PyMPA.out'.

Package hyperref Info: Option `pageanchor' set `false' on input line 83.


Package hyperref Warning: Token not allowed in a PDF string (Unicode):
(hyperref)                removing `alignment tab' on input line 83.

LaTeX Font Info:    Try loading font information for T1+phv on input line 83.
(/usr/local/texlive/2018/texmf-dist/tex/latex/psnfss/t1phv.fd
File: t1phv.fd 2001/06/04 scalable font definitions for T1/phv.
)
LaTeX Font Info:    Font shape `T1/phv/bx/n' in size <10> not available
(Font)              Font shape `T1/phv/b/n' tried instead on input line 83.
LaTeX Font Info:    Font shape `T1/phv/bx/n' in size <24.88> not available
(Font)              Font shape `T1/phv/b/n' tried instead on input line 83.
LaTeX Font Info:    Font shape `T1/phv/bx/it' in size <10> not available
(Font)              Font shape `T1/phv/b/it' tried instead on input line 83.
LaTeX Font Info:    Font shape `T1/phv/b/it' in size <10> not available
(Font)              Font shape `T1/phv/b/sl' tried instead on input line 83.
LaTeX Font Info:    Font shape `T1/phv/bx/it' in size <17.28> not available
(Font)              Font shape `T1/phv/b/it' tried instead on input line 83.
LaTeX Font Info:    Font shape `T1/phv/b/it' in size <17.28> not available
(Font)              Font shape `T1/phv/b/sl' tried instead on input line 83.
LaTeX Font Info:    Font shape `T1/phv/bx/n' in size <17.28> not available
(Font)              Font shape `T1/phv/b/n' tried instead on input line 83.
<<ot1.cmap>><<oml.cmap>><<oms.cmap>><<omx.cmap>>
LaTeX Font Info:    Try loading font information for U+msa on input line 83.

(/usr/local/texlive/2018/texmf-dist/tex/latex/amsfonts/umsa.fd
File: umsa.fd 2013/01/14 v3.01 AMS symbols A
)
LaTeX Font Info:    Try loading font information for U+msb on input line 83.

(/usr/local/texlive/2018/texmf-dist/tex/latex/amsfonts/umsb.fd
File: umsb.fd 2013/01/14 v3.01 AMS symbols B
)
! Extra alignment tab has been changed to \cr.
<recently read> \endtemplate 
                             
l.83 \sphinxmaketitle
                     
? ver. 1.0.0
Type <return> to proceed, S to scroll future error messages,
R to run without stopping, Q to run quietly,
I to insert something, E to edit your file,
1 or ... or 9 to ignore the next 1 to 9 tokens of input,
H for help, X to quit.
? R
OK, entering \nonstopmode...
LaTeX Font Info:    Font shape `T1/phv/bx/n' in size <12> not available
(Font)              Font shape `T1/phv/b/n' tried instead on input line 83.
[1

{/usr/local/texlive/2018/texmf-var/fonts/map/pdftex/updmap/pdftex.map}]
[2


]
LaTeX Font Info:    Font shape `T1/phv/bx/n' in size <14.4> not available
(Font)              Font shape `T1/phv/b/n' tried instead on input line 85.
\tf@toc=\write6
\openout6 = `PyMPA.toc'.

 [1

] [2

]
<pympa_logo1.png, id=28, 377.2494pt x 131.0496pt>
LaTeX Font Info:    Try loading font information for T1+pcr on input line 2.
 (/usr/local/texlive/2018/texmf-dist/tex/latex/psnfss/t1pcr.fd
File: t1pcr.fd 2001/06/04 font definitions for T1/pcr.
)
File: pympa_logo1.png Graphic file (type png)
<use pympa_logo1.png>
Package pdftex.def Info: pympa_logo1.png  used on input line 2.
(pdftex.def)             Requested size: 75.28076pt x 26.15146pt.
<pympa_logo.png, id=30, 867.24pt x 1156.32pt>
File: pympa_logo.png Graphic file (type png)
<use pympa_logo.png>
Package pdftex.def Info: pympa_logo.png  used on input line 2.
(pdftex.def)             Requested size: 451.68457pt x 602.24265pt.

Underfull \hbox (badness 7099) in paragraph at lines 94--101
\T1/ptm/m/n/10 3.4, 3.5, 3.6, 3.7 re-leases and uses for read-ing and writ-ing 
seis-mic data, and for han-dling
 []


Underfull \hbox (badness 5189) in paragraph at lines 94--101
\T1/ptm/m/n/10 most of the event meta-data. Matched-filter cor-re-la-tions are 
cal-cu-lated us-ing Ob-sPy v. 1.2.0
 []


Underfull \hbox (badness 8000) in paragraph at lines 94--101
\T1/ptm/m/n/10 re-leased on April 2019. Im-por-tant: we rec-om-mend to use an u
p-dated ver-sion of Ob-sPy.
 []


Underfull \hbox (badness 10000) in paragraph at lines 94--101
[][][][][]
 []

[1 <./pympa_logo1.png (PNG copy)>]
LaTeX Font Info:    Try loading font information for TS1+ptm on input line 104.


(/usr/local/texlive/2018/texmf-dist/tex/latex/psnfss/ts1ptm.fd
File: ts1ptm.fd 2001/06/04 font definitions for TS1/ptm.
)

LaTeX Warning: Hyper reference `sub/input.download_data::doc' on page 2 undefin
ed on input line 105.


LaTeX Warning: Hyper reference `sub/input.create_templates::doc' on page 2 unde
fined on input line 108.


LaTeX Warning: Hyper reference `sub/input.calculate_ttimes::doc' on page 2 unde
fined on input line 111.


LaTeX Warning: Hyper reference `sub/input.template_check::doc' on page 2 undefi
ned on input line 114.

[2 <./pympa_logo.png>]

LaTeX Warning: Hyper reference `sub/main.pympa::doc' on page 3 undefined on inp
ut line 117.


LaTeX Warning: Hyper reference `sub/output.process_detections::doc' on page 3 u
ndefined on input line 120.


LaTeX Warning: Hyper reference `sub/output.verify_detection::doc' on page 3 und
efined on input line 123.

[3] [4

]
Chapter 1.
[5] [6

]
Chapter 2.
[7] [8

]
Chapter 3.
File: pympa_logo1.png Graphic file (type png)
<use pympa_logo1.png>
Package pdftex.def Info: pympa_logo1.png  used on input line 2.
(pdftex.def)             Requested size: 75.28076pt x 26.15146pt.
<flowchart.png, id=78, 1446.40375pt x 960.58875pt>
File: flowchart.png Graphic file (type png)
<use flowchart.png>
Package pdftex.def Info: flowchart.png  used on input line 2.
(pdftex.def)             Requested size: 452.97116pt x 300.82817pt.
[9]

LaTeX Warning: Hyper reference `input::doc' on page 10 undefined on input line 
202.


LaTeX Warning: Hyper reference `sub/input.create_templates::doc' on page 10 und
efined on input line 203.


LaTeX Warning: Hyper reference `sub/input.template_check::doc' on page 10 undef
ined on input line 204.


LaTeX Warning: Hyper reference `sub/input.calculate_ttimes::doc' on page 10 und
efined on input line 205.


LaTeX Warning: Hyper reference `sub/main.pympa::doc' on page 10 undefined on in
put line 207.


LaTeX Warning: Hyper reference `sub/output.process_detections::doc' on page 10 
undefined on input line 208.


LaTeX Warning: Hyper reference `sub/output.verify_detection::doc' on page 10 un
defined on input line 209.

[10 <./flowchart.png>]
File: pympa_logo1.png Graphic file (type png)
<use pympa_logo1.png>
Package pdftex.def Info: pympa_logo1.png  used on input line 2.
(pdftex.def)             Requested size: 75.28076pt x 26.15146pt.
File: pympa_logo1.png Graphic file (type png)
<use pympa_logo1.png>
Package pdftex.def Info: pympa_logo1.png  used on input line 2.
(pdftex.def)             Requested size: 75.28076pt x 26.15146pt.
 [11]
Underfull \hbox (badness 10000) in paragraph at lines 335--336
[]\T1/ptm/m/n/10 download_data.py ([][]$https : / / github . com / avuan / PyMP
A37 / tree / master / input . download _ data . dir / download _
 []


Underfull \hbox (badness 10000) in paragraph at lines 338--339
[]\T1/ptm/m/n/10 download_inventory.py ([][]$https : / / github . com / avuan /
 PyMPA37 / tree / master / input . download _ data . dir /
 []


LaTeX Warning: Hyper reference `sub/input.download_data::doc' on page 12 undefi
ned on input line 342.


LaTeX Warning: Hyper reference `sub/input.create_templates::doc' on page 12 und
efined on input line 347.


Underfull \hbox (badness 10000) in paragraph at lines 361--362
[]\T1/ptm/m/n/10 create_templates.py ([][]$https : / / github . com / avuan / P
yMPA37 / tree / master / input . create _ templates . dir / create _
 []

LaTeX Font Info:    Font shape `T1/pcr/m/it' in size <9> not available
(Font)              Font shape `T1/pcr/m/sl' tried instead on input line 368.
[12]

LaTeX Warning: Hyper reference `sub/input.template_check::doc' on page 13 undef
ined on input line 405.

<bad.png, id=122, 578.16pt x 216.81pt>
File: bad.png Graphic file (type png)
<use bad.png>
Package pdftex.def Info: bad.png  used on input line 414.
(pdftex.def)             Requested size: 301.12305pt x 112.92049pt.
<bad4.png, id=123, 578.16pt x 216.81pt>
File: bad4.png Graphic file (type png)
<use bad4.png>
Package pdftex.def Info: bad4.png  used on input line 416.
(pdftex.def)             Requested size: 301.12305pt x 112.92049pt.
[13 <./bad.png>]
<bad7.png, id=132, 578.16pt x 216.81pt>
File: bad7.png Graphic file (type png)
<use bad7.png>
Package pdftex.def Info: bad7.png  used on input line 418.
(pdftex.def)             Requested size: 301.12305pt x 112.92049pt.
<good.png, id=133, 578.16pt x 216.81pt>
File: good.png Graphic file (type png)
<use good.png>
Package pdftex.def Info: good.png  used on input line 420.
(pdftex.def)             Requested size: 301.12305pt x 112.92049pt.
<good1.png, id=134, 578.16pt x 216.81pt>
File: good1.png Graphic file (type png)
<use good1.png>
Package pdftex.def Info: good1.png  used on input line 422.
(pdftex.def)             Requested size: 301.12305pt x 112.92049pt.
<good3.png, id=135, 578.16pt x 216.81pt>
File: good3.png Graphic file (type png)
<use good3.png>
Package pdftex.def Info: good3.png  used on input line 424.
(pdftex.def)             Requested size: 301.12305pt x 112.92049pt.


LaTeX Warning: Hyper reference `sub/input.calculate_ttimes::doc' on page 14 und
efined on input line 439.

[14 <./bad4.png> <./bad7.png> <./good.png> <./good1.png> <./good3.png>]
[15]
LaTeX Font Info:    Try loading font information for TS1+pcr on input line 518.

 (/usr/local/texlive/2018/texmf-dist/tex/latex/psnfss/ts1pcr.fd
File: ts1pcr.fd 2001/06/04 font definitions for TS1/pcr.
)
LaTeX Font Info:    Font shape `TS1/pcr/m/it' in size <9> not available
(Font)              Font shape `TS1/pcr/m/sl' tried instead on input line 518.


LaTeX Warning: Hyper reference `sub/output.process_detections::doc' on page 16 
undefined on input line 556.

[16]
Underfull \hbox (badness 10000) in paragraph at lines 567--568
[]\T1/ptm/m/n/10 process_detections.py at [][]$https : / / github . com / avuan
 / PyMPA37 / tree / master / output . process _ detections . dir /
 []


LaTeX Warning: Hyper reference `sub/output.verify_detection::doc' on page 17 un
defined on input line 593.

[17]
File: pympa_logo1.png Graphic file (type png)
<use pympa_logo1.png>
Package pdftex.def Info: pympa_logo1.png  used on input line 2.
(pdftex.def)             Requested size: 75.28076pt x 26.15146pt.


LaTeX Warning: Hyper reference `sub/input.download_data::doc' on page 18 undefi
ned on input line 678.


LaTeX Warning: Hyper reference `sub/input.create_templates::doc' on page 18 und
efined on input line 681.


LaTeX Warning: Hyper reference `sub/input.calculate_ttimes::doc' on page 18 und
efined on input line 684.


LaTeX Warning: Hyper reference `sub/input.template_check::doc' on page 18 undef
ined on input line 687.

[18]
<dir2.png, id=188, 1008.76875pt x 458.71375pt>
File: dir2.png Graphic file (type png)
<use dir2.png>
Package pdftex.def Info: dir2.png  used on input line 2.
(pdftex.def)             Requested size: 452.97202pt x 205.97832pt.

Underfull \hbox (badness 5817) in paragraph at lines 705--710
\T1/ptm/m/n/10 tions and a to-ken or userid is needed. Some EIDA servers when r
e-ceiv-ing from the same
 []


Underfull \hbox (badness 7116) in paragraph at lines 705--710
\T1/ptm/m/n/10 user many re-quests in a short time close the door to the user. 
That is the rea-son why
 []


Underfull \hbox (badness 7256) in paragraph at lines 705--710
\T1/ptm/m/n/10 we in-tro-duced a pause com-mand in our scripts, this avoids the
 shut-down of the con-nec-tion.
 []


Underfull \hbox (badness 10000) in paragraph at lines 726--726
[]\T1/pcr/m/n/10 13.[]38347[][][][][][][][][][][][][][][][]42.[]38842[][][][][]
[][][][][][][][][][][]2009[][][][][][][][]03[][][][][][][][][][][][]30[][][][][
][][][][][][][]1.[]3[][][][][][][][][][]11.[]180[][][][]14[]
 []


Underfull \hbox (badness 10000) in paragraph at lines 727--727
[]\T1/pcr/m/n/10 13.[]38981[][][][][][][][][][][][][][][][]42.[]33004[][][][][]
[][][][][][][][][][][]2009[][][][][][][][]03[][][][][][][][][][][][]30[][][][][
][][][][][][][]1.[]5[][][][][][][][][][]9.[]170[][][][][][]14[]
 []


Underfull \hbox (badness 10000) in paragraph at lines 728--728
[]\T1/pcr/m/n/10 13.[]39447[][][][][][][][][][][][][][][][]42.[]32878[][][][][]
[][][][][][][][][][][]2009[][][][][][][][]03[][][][][][][][][][][][]30[][][][][
][][][][][][][]1.[]6[][][][][][][][][][]9.[]610[][][][][][]14[]
 []


Underfull \hbox (badness 10000) in paragraph at lines 729--729
[]\T1/pcr/m/n/10 13.[]40577[][][][][][][][][][][][][][][][]42.[]31941[][][][][]
[][][][][][][][][][][]2009[][][][][][][][]03[][][][][][][][][][][][]30[][][][][
][][][][][][][]1.[]4[][][][][][][][][][]5.[]370[][][][][][]14[]
 []


Underfull \hbox (badness 10000) in paragraph at lines 730--730
[]\T1/pcr/m/n/10 13.[]36791[][][][][][][][][][][][][][][][]42.[]59639[][][][][]
[][][][][][][][][][][]2009[][][][][][][][]03[][][][][][][][][][][][]30[][][][][
][][][][][][][]1.[]3[][][][][][][][][][]5.[]710[][][][][][]14[]
 []


Underfull \hbox (badness 10000) in paragraph at lines 731--731
[]\T1/pcr/m/n/10 13.[]45651[][][][][][][][][][][][][][][][]42.[]25600[][][][][]
[][][][][][][][][][][]2009[][][][][][][][]03[][][][][][][][][][][][]30[][][][][
][][][][][][][]1.[]3[][][][][][][][][][]5.[]620[][][][][][]14[]
 []


Underfull \hbox (badness 10000) in paragraph at lines 732--732
[]\T1/pcr/m/n/10 13.[]38686[][][][][][][][][][][][][][][][]42.[]31381[][][][][]
[][][][][][][][][][][]2009[][][][][][][][]03[][][][][][][][][][][][]30[][][][][
][][][][][][][]1.[]2[][][][][][][][][][]6.[]270[][][][][][]15[]
 []


Underfull \hbox (badness 10000) in paragraph at lines 733--733
[]\T1/pcr/m/n/10 13.[]49527[][][][][][][][][][][][][][][][]42.[]30006[][][][][]
[][][][][][][][][][][]2009[][][][][][][][]03[][][][][][][][][][][][]30[][][][][
][][][][][][][]0.[]9[][][][][][][][][][]6.[]810[][][][][][]15[]
 []


Underfull \hbox (badness 10000) in paragraph at lines 734--734
[]\T1/pcr/m/n/10 13.[]32714[][][][][][][][][][][][][][][][]42.[]33182[][][][][]
[][][][][][][][][][][]2009[][][][][][][][]03[][][][][][][][][][][][]30[][][][][
][][][][][][][]1.[]4[][][][][][][][][][]6.[]210[][][][][][]15[]
 []

[19 <./dir2.png>]
Underfull \hbox (badness 10000) in paragraph at lines 735--735
[]\T1/pcr/m/n/10 13.[]29606[][][][][][][][][][][][][][][][]42.[]27235[][][][][]
[][][][][][][][][][][]2009[][][][][][][][]03[][][][][][][][][][][][]30[][][][][
][][][][][][][]1.[]2[][][][][][][][][][]8.[]690[][][][][][]15[]
 []


Underfull \hbox (badness 10000) in paragraph at lines 736--736
[]\T1/pcr/m/n/10 13.[]39056[][][][][][][][][][][][][][][][]42.[]31176[][][][][]
[][][][][][][][][][][]2009[][][][][][][][]03[][][][][][][][][][][][]30[][][][][
][][][][][][][]1.[]0[][][][][][][][][][]6.[]630[][][][][][]15[]
 []


Underfull \hbox (badness 10000) in paragraph at lines 737--737
[]\T1/pcr/m/n/10 13.[]33732[][][][][][][][][][][][][][][][]42.[]32800[][][][][]
[][][][][][][][][][][]2009[][][][][][][][]03[][][][][][][][][][][][]30[][][][][
][][][][][][][]1.[]6[][][][][][][][][][]11.[]580[][][][]16[]
 []


Underfull \hbox (badness 10000) in paragraph at lines 738--738
[]\T1/pcr/m/n/10 13.[]37035[][][][][][][][][][][][][][][][]42.[]31771[][][][][]
[][][][][][][][][][][]2009[][][][][][][][]03[][][][][][][][][][][][]30[][][][][
][][][][][][][]1.[]4[][][][][][][][][][]10.[]570[][][][]16[]
 []


Underfull \hbox (badness 10000) in paragraph at lines 739--739
[]\T1/pcr/m/n/10 13.[]39649[][][][][][][][][][][][][][][][]42.[]31908[][][][][]
[][][][][][][][][][][]2009[][][][][][][][]03[][][][][][][][][][][][]30[][][][][
][][][][][][][]1.[]4[][][][][][][][][][]8.[]140[][][][][][]17[]
 []


Underfull \hbox (badness 10000) in paragraph at lines 740--740
[]\T1/pcr/m/n/10 13.[]33823[][][][][][][][][][][][][][][][]42.[]33349[][][][][]
[][][][][][][][][][][]2009[][][][][][][][]03[][][][][][][][][][][][]30[][][][][
][][][][][][][]1.[]3[][][][][][][][][][]7.[]820[][][][][][]17[]
 []


Underfull \hbox (badness 10000) in paragraph at lines 741--741
[]\T1/pcr/m/n/10 13.[]41437[][][][][][][][][][][][][][][][]42.[]34201[][][][][]
[][][][][][][][][][][]2009[][][][][][][][]03[][][][][][][][][][][][]30[][][][][
][][][][][][][]1.[]5[][][][][][][][][][]7.[]120[][][][][][]17[]
 []


Underfull \hbox (badness 10000) in paragraph at lines 742--742
[]\T1/pcr/m/n/10 13.[]38869[][][][][][][][][][][][][][][][]42.[]30452[][][][][]
[][][][][][][][][][][]2009[][][][][][][][]03[][][][][][][][][][][][]30[][][][][
][][][][][][][]1.[]0[][][][][][][][][][]7.[]820[][][][][][]18[]
 []


Underfull \hbox (badness 10000) in paragraph at lines 743--743
[]\T1/pcr/m/n/10 13.[]39272[][][][][][][][][][][][][][][][]42.[]32332[][][][][]
[][][][][][][][][][][]2009[][][][][][][][]03[][][][][][][][][][][][]30[][][][][
][][][][][][][]1.[]3[][][][][][][][][][]8.[]670[][][][][][]19[]
 []


Underfull \hbox (badness 10000) in paragraph at lines 744--744
[]\T1/pcr/m/n/10 13.[]44121[][][][][][][][][][][][][][][][]42.[]32962[][][][][]
[][][][][][][][][][][]2009[][][][][][][][]03[][][][][][][][][][][][]30[][][][][
][][][][][][][]1.[]2[][][][][][][][][][]2.[]700[][][][][][]19[]
 []


Underfull \hbox (badness 10000) in paragraph at lines 745--745
[]\T1/pcr/m/n/10 13.[]39902[][][][][][][][][][][][][][][][]42.[]34200[][][][][]
[][][][][][][][][][][]2009[][][][][][][][]03[][][][][][][][][][][][]30[][][][][
][][][][][][][]1.[]2[][][][][][][][][][]9.[]790[][][][][][]20[]
 []


Underfull \hbox (badness 10000) in paragraph at lines 746--746
[]\T1/pcr/m/n/10 13.[]37897[][][][][][][][][][][][][][][][]42.[]33234[][][][][]
[][][][][][][][][][][]2009[][][][][][][][]03[][][][][][][][][][][][]30[][][][][
][][][][][][][]1.[]0[][][][][][][][][][]8.[]200[][][][][][]21[]
 []


Underfull \hbox (badness 10000) in paragraph at lines 747--747
[]\T1/pcr/m/n/10 13.[]42597[][][][][][][][][][][][][][][][]42.[]46570[][][][][]
[][][][][][][][][][][]2009[][][][][][][][]03[][][][][][][][][][][][]30[][][][][
][][][][][][][]1.[]3[][][][][][][][][][]19.[]820[][][][]21[]
 []


Underfull \hbox (badness 10000) in paragraph at lines 748--748
[]\T1/pcr/m/n/10 13.[]38473[][][][][][][][][][][][][][][][]42.[]31577[][][][][]
[][][][][][][][][][][]2009[][][][][][][][]03[][][][][][][][][][][][]30[][][][][
][][][][][][][]1.[]2[][][][][][][][][][]6.[]540[][][][][][]22[]
 []


Underfull \hbox (badness 10000) in paragraph at lines 749--749
[]\T1/pcr/m/n/10 13.[]38779[][][][][][][][][][][][][][][][]42.[]30452[][][][][]
[][][][][][][][][][][]2009[][][][][][][][]03[][][][][][][][][][][][]30[][][][][
][][][][][][][]1.[]1[][][][][][][][][][]6.[]690[][][][][][]22[]
 []


Underfull \hbox (badness 10000) in paragraph at lines 750--750
[]\T1/pcr/m/n/10 13.[]38168[][][][][][][][][][][][][][][][]42.[]31454[][][][][]
[][][][][][][][][][][]2009[][][][][][][][]03[][][][][][][][][][][][]30[][][][][
][][][][][][][]1.[]0[][][][][][][][][][]7.[]290[][][][][][]22[]
 []


Underfull \hbox (badness 10000) in paragraph at lines 751--751
[]\T1/pcr/m/n/10 13.[]25361[][][][][][][][][][][][][][][][]42.[]27312[][][][][]
[][][][][][][][][][][]2009[][][][][][][][]03[][][][][][][][][][][][]30[][][][][
][][][][][][][]1.[]0[][][][][][][][][][]14.[]930[][][][]23[]
 []


Underfull \hbox (badness 10000) in paragraph at lines 752--752
[]\T1/pcr/m/n/10 13.[]38767[][][][][][][][][][][][][][][][]42.[]30401[][][][][]
[][][][][][][][][][][]2009[][][][][][][][]03[][][][][][][][][][][][]30[][][][][
][][][][][][][]1.[]1[][][][][][][][][][]6.[]470[][][][][][]23[]
 []


Underfull \vbox (badness 3536) detected at line 909
 []

[20]
Underfull \vbox (badness 10000) detected at line 909
 []


Underfull \vbox (badness 10000) detected at line 909
 []

[21]
Underfull \vbox (badness 10000) detected at line 909
 []


Underfull \vbox (badness 10000) detected at line 909
 []

[22] [23]
File: pympa_logo1.png Graphic file (type png)
<use pympa_logo1.png>
Package pdftex.def Info: pympa_logo1.png  used on input line 2.
(pdftex.def)             Requested size: 75.28076pt x 26.15146pt.
 [24]

LaTeX Warning: Hyper reference `sub/main.pympa::doc' on page 25 undefined on in
put line 1063.


Overfull \vbox (2.14369pt too high) detected at line 1123
 []

[25] [26] [27]
Underfull \vbox (badness 10000) detected at line 1310
 []


Underfull \vbox (badness 10000) detected at line 1310
 []

[28]
Overfull \vbox (1.60481pt too high) detected at line 1447
 []

[29]
Underfull \vbox (badness 10000) detected at line 1447
 []


Underfull \vbox (badness 10000) detected at line 1447
 []

[30]
File: pympa_logo1.png Graphic file (type png)
<use pympa_logo1.png>
Package pdftex.def Info: pympa_logo1.png  used on input line 2.
(pdftex.def)             Requested size: 75.28076pt x 26.15146pt.


LaTeX Warning: Hyper reference `sub/output.process_detections::doc' on page 31 
undefined on input line 1482.


LaTeX Warning: Hyper reference `sub/output.verify_detection::doc' on page 31 un
defined on input line 1485.

[31]
No file PyMPA.ind.
Package atveryend Info: Empty hook `BeforeClearDocument' on input line 1520.
[32]
Package atveryend Info: Empty hook `AfterLastShipout' on input line 1520.
 (./PyMPA.aux)
Package atveryend Info: Executing hook `AtVeryEndDocument' on input line 1520.
Package atveryend Info: Executing hook `AtEndAfterFileList' on input line 1520.



Package rerunfilecheck Warning: File `PyMPA.out' has changed.
(rerunfilecheck)                Rerun to get outlines right
(rerunfilecheck)                or use package `bookmark'.

Package rerunfilecheck Info: Checksums for `PyMPA.out':
(rerunfilecheck)             Before: <no file>
(rerunfilecheck)             After:  E1B3E82A8B149C85EB028CCA3ACBF21C;1347.

LaTeX Warning: There were undefined references.


LaTeX Warning: Label(s) may have changed. Rerun to get cross-references right.

Package atveryend Info: Empty hook `AtVeryVeryEnd' on input line 1520.
 ) 
Here is how much of TeX's memory you used:
 13446 strings out of 492649
 189094 string characters out of 6129623
 724068 words of memory out of 5000000
 16962 multiletter control sequences out of 15000+600000
 48754 words of font info for 69 fonts, out of 8000000 for 9000
 1142 hyphenation exceptions out of 8191
 37i,12n,45p,594b,541s stack positions out of 5000i,500n,10000p,200000b,80000s
{/usr/local/texlive/2018/texmf-dist/fonts/enc/dvips/base/8r.enc}</usr/local/t
exlive/2018/texmf-dist/fonts/type1/public/amsfonts/cm/cmmi5.pfb></usr/local/tex
live/2018/texmf-dist/fonts/type1/public/amsfonts/cm/cmsy5.pfb></usr/local/texli
ve/2018/texmf-dist/fonts/type1/urw/courier/ucrr8a.pfb></usr/local/texlive/2018/
texmf-dist/fonts/type1/urw/courier/ucrro8a.pfb></usr/local/texlive/2018/texmf-d
ist/fonts/type1/urw/helvetic/uhvb8a.pfb></usr/local/texlive/2018/texmf-dist/fon
ts/type1/urw/helvetic/uhvbo8a.pfb></usr/local/texlive/2018/texmf-dist/fonts/typ
e1/urw/times/utmr8a.pfb></usr/local/texlive/2018/texmf-dist/fonts/type1/urw/tim
es/utmri8a.pfb>
Output written on PyMPA.pdf (36 pages, 2712031 bytes).
PDF statistics:
 312 PDF objects out of 1000 (max. 8388607)
 239 compressed objects within 3 object streams
 69 named destinations out of 1000 (max. 500000)
 71 words of extra memory for PDF output out of 10000 (max. 10000000)

